<?xml version="1.0" encoding="UTF-8"?>
<!-- Generated by org.testng.reporters.JUnitReportReporter -->
<testsuite hostname="Ved" failures="0" tests="9" name="eCommerce.POM_Client_Ecommerce" time="123.402" errors="0" timestamp="2025-03-06T20:43:37 IST" skipped="0">
  <testcase classname="eCommerce.POM_Client_Ecommerce" name="signUp" time="18.678"/>
  <testcase classname="eCommerce.POM_Client_Ecommerce" name="logIn" time="0.750"/>
  <testcase classname="eCommerce.POM_Client_Ecommerce" name="browsingProduct" time="20.496"/>
  <testcase classname="eCommerce.POM_Client_Ecommerce" name="clickOnProduct" time="11.470"/>
  <testcase classname="eCommerce.POM_Client_Ecommerce" name="addToCart" time="1.164"/>
  <testcase classname="eCommerce.POM_Client_Ecommerce" name="selectLaptop" time="12.632"/>
  <testcase classname="eCommerce.POM_Client_Ecommerce" name="cartPageOpn" time="27.309"/>
  <testcase classname="eCommerce.POM_Client_Ecommerce" name="checkOutProcess" time="22.504"/>
  <testcase classname="eCommerce.POM_Client_Ecommerce" name="logoutProcess" time="8.399"/>
</testsuite> <!-- eCommerce.POM_Client_Ecommerce -->
