<?xml version="1.0" encoding="UTF-8"?>
<!-- Generated by org.testng.reporters.JUnitReportReporter -->
<testsuite hostname="Ved" failures="0" tests="8" name="eCommerce.POM_Client_Ecommerce" time="97.082" errors="0" timestamp="2025-03-04T19:24:15 IST" skipped="0">
  <testcase classname="eCommerce.POM_Client_Ecommerce" name="signUp" time="18.580"/>
  <testcase classname="eCommerce.POM_Client_Ecommerce" name="logIn" time="0.747"/>
  <testcase classname="eCommerce.POM_Client_Ecommerce" name="browsingProduct" time="21.207"/>
  <testcase classname="eCommerce.POM_Client_Ecommerce" name="clickOnProduct" time="11.966"/>
  <testcase classname="eCommerce.POM_Client_Ecommerce" name="addToCart" time="1.180"/>
  <testcase classname="eCommerce.POM_Client_Ecommerce" name="selectLaptop" time="13.512"/>
  <testcase classname="eCommerce.POM_Client_Ecommerce" name="cartPageOpn" time="7.666"/>
  <testcase classname="eCommerce.POM_Client_Ecommerce" name="checkOutProcess" time="22.224"/>
</testsuite> <!-- eCommerce.POM_Client_Ecommerce -->
