<?xml version="1.0" encoding="UTF-8"?>
<!-- Generated by org.testng.reporters.JUnitReportReporter -->
<testsuite hostname="Ved" failures="0" tests="8" name="eCommerce.POM_Client_Ecommerce" time="117.956" errors="0" timestamp="2025-03-06T18:09:30 IST" skipped="0">
  <testcase classname="eCommerce.POM_Client_Ecommerce" name="signUp" time="18.694"/>
  <testcase classname="eCommerce.POM_Client_Ecommerce" name="logIn" time="0.831"/>
  <testcase classname="eCommerce.POM_Client_Ecommerce" name="browsingProduct" time="20.781"/>
  <testcase classname="eCommerce.POM_Client_Ecommerce" name="clickOnProduct" time="12.650"/>
  <testcase classname="eCommerce.POM_Client_Ecommerce" name="addToCart" time="1.216"/>
  <testcase classname="eCommerce.POM_Client_Ecommerce" name="selectLaptop" time="13.491"/>
  <testcase classname="eCommerce.POM_Client_Ecommerce" name="cartPageOpn" time="27.719"/>
  <testcase classname="eCommerce.POM_Client_Ecommerce" name="checkOutProcess" time="22.574"/>
</testsuite> <!-- eCommerce.POM_Client_Ecommerce -->
